<?xml version="1.0" encoding="UTF-8"?>
<!-- Generated by org.testng.reporters.JUnitXMLReporter -->
<testsuite ignored="0" hostname="PoojaAbhay" failures="0" tests="6" name="Test" time="133.665" errors="0" timestamp="2023-07-19T15:28:10 EDT">
  <testcase classname="com.amazon.testcases.HomepageTest" name="basic_Test_To_Validate_Homepage" time="7.955"/>
  <testcase classname="com.amazon.testcases.ShoppingCartTest" name="verify_Functionality_of_Adding_Item_To_The_Cart" time="22.244"/>
  <testcase classname="com.amazon.testcases.ShoppingCartTest" name="verify_Functionality_of_Removing_Item_From_The_Cart" time="33.492"/>
  <testcase classname="com.amazon.testcases.ShoppingCartTest" name="verify_Functionality_of_Adding_Multiple_Item_To_The_Cart" time="26.252"/>
  <testcase classname="com.amazon.testcases.CouponsTest" name="verify_availability_of_coupons" time="7.689"/>
  <testcase classname="com.amazon.testcases.ProductSearchTest" name="verify_Functionality_of_Searching_And_Adding_Item_To_The_Cart" time="16.446"/>
</testsuite> <!-- Test -->
